{"/home/javascript/github/rooted/index.js":{"path":"/home/javascript/github/rooted/index.js","s":{"1":1,"2":1,"3":2,"4":2,"5":2,"6":1,"7":2,"8":2,"9":2,"10":1},"b":{"1":[1,1]},"f":{"1":2},"fnMap":{"1":{"name":"rooted","line":3,"loc":{"start":{"line":3,"column":0},"end":{"line":3,"column":26}}}},"statementMap":{"1":{"start":{"line":1,"column":0},"end":{"line":1,"column":29}},"2":{"start":{"line":3,"column":0},"end":{"line":15,"column":1}},"3":{"start":{"line":4,"column":2},"end":{"line":4,"column":20}},"4":{"start":{"line":5,"column":2},"end":{"line":5,"column":11}},"5":{"start":{"line":7,"column":2},"end":{"line":9,"column":3}},"6":{"start":{"line":8,"column":4},"end":{"line":8,"column":46}},"7":{"start":{"line":11,"column":2},"end":{"line":11,"column":33}},"8":{"start":{"line":12,"column":2},"end":{"line":12,"column":28}},"9":{"start":{"line":14,"column":2},"end":{"line":14,"column":39}},"10":{"start":{"line":17,"column":0},"end":{"line":17,"column":24}}},"branchMap":{"1":{"line":7,"type":"if","locations":[{"start":{"line":7,"column":2},"end":{"line":7,"column":2}},{"start":{"line":7,"column":2},"end":{"line":7,"column":2}}]}}}}